PLINK v1.90b6.22 64-bit (16 Apr 2021)
Options in effect:
  --file /home/richel/gcaer_issue_6_text
  --make-bed
  --out /home/richel/gcaer_issue_6_bin

Hostname: N141CU
Working directory: /home/richel/GitHubs/plinkr
Start time: Tue Dec  7 13:48:14 2021

Random number seed: 1638881294
7645 MB RAM detected; reserving 3822 MB for main workspace.
Scanning .ped file... done.
Performing single-pass .bed write (4 variants, 166 people).
--file: /home/richel/gcaer_issue_6_bin-temporary.bed +
/home/richel/gcaer_issue_6_bin-temporary.bim +
/home/richel/gcaer_issue_6_bin-temporary.fam written.
4 variants loaded from .bim file.
166 people (166 males, 0 females) loaded from .fam.
Using 1 thread (no multithreaded calculations invoked).
Before main variant filters, 166 founders and 0 nonfounders present.
Calculating allele frequencies... done.
4 variants and 166 people pass filters and QC.
Note: No phenotypes present.
--make-bed to /home/richel/gcaer_issue_6_bin.bed +
/home/richel/gcaer_issue_6_bin.bim + /home/richel/gcaer_issue_6_bin.fam ...
done.

End time: Tue Dec  7 13:48:14 2021
